SF:C:\Users\Rafael\Documents\Pessoal\QuestionMetrics\Back\question-metrics-domain\Exam.cs
FN:8,System.Void question_metrics_domain.Exam::.ctor(System.String,System.DateTime,System.Collections.Generic.IEnumerable`1<question_metrics_domain.Question>)
FNDA:3,System.Void question_metrics_domain.Exam::.ctor(System.String,System.DateTime,System.Collections.Generic.IEnumerable`1<question_metrics_domain.Question>)
DA:9,3
DA:10,3
DA:11,3
DA:12,3
DA:13,3
DA:14,3
FN:15,System.String question_metrics_domain.Exam::get_Name()
FNDA:0,System.String question_metrics_domain.Exam::get_Name()
DA:16,0
FN:16,System.DateTime question_metrics_domain.Exam::get_Date()
FNDA:0,System.DateTime question_metrics_domain.Exam::get_Date()
DA:17,0
FN:17,System.Collections.Generic.IEnumerable`1<question_metrics_domain.Question> question_metrics_domain.Exam::get_Questions()
FNDA:28,System.Collections.Generic.IEnumerable`1<question_metrics_domain.Question> question_metrics_domain.Exam::get_Questions()
DA:18,28
FN:18,question_metrics_domain.ExamMetrics question_metrics_domain.Exam::get_ExamMetrics()
FNDA:7,question_metrics_domain.ExamMetrics question_metrics_domain.Exam::get_ExamMetrics()
DA:19,7
FN:23,System.Void question_metrics_domain.ExamMetrics::.ctor(System.Collections.Generic.IEnumerable`1<question_metrics_domain.Exam>)
FNDA:8,System.Void question_metrics_domain.ExamMetrics::.ctor(System.Collections.Generic.IEnumerable`1<question_metrics_domain.Exam>)
DA:24,8
DA:25,8
DA:26,36
DA:27,8
BRDA:26,16,0,1
BRDA:26,16,1,255
FN:28,System.Collections.Generic.IEnumerable`1<question_metrics_domain.Question> question_metrics_domain.ExamMetrics::get_Questions()
FNDA:16,System.Collections.Generic.IEnumerable`1<question_metrics_domain.Question> question_metrics_domain.ExamMetrics::get_Questions()
DA:29,16
FN:30,System.Int32 question_metrics_domain.ExamMetrics::get_TotalQuestions()
FNDA:0,System.Int32 question_metrics_domain.ExamMetrics::get_TotalQuestions()
DA:31,0
FN:31,System.Int32 question_metrics_domain.ExamMetrics::get_TotalWrongQuestions()
FNDA:0,System.Int32 question_metrics_domain.ExamMetrics::get_TotalWrongQuestions()
DA:32,0
BRDA:32,12,0,0
BRDA:32,12,1,0
FN:32,System.Int32 question_metrics_domain.ExamMetrics::get_TotalCorrectQuestions()
FNDA:0,System.Int32 question_metrics_domain.ExamMetrics::get_TotalCorrectQuestions()
DA:33,0
BRDA:33,12,0,0
BRDA:33,12,1,0
FN:33,System.Collections.Generic.IEnumerable`1<System.ValueTuple`2<System.String,System.Int32>> question_metrics_domain.ExamMetrics::get_ReasonsMissedQuestions()
FNDA:156,System.Collections.Generic.IEnumerable`1<System.ValueTuple`2<System.String,System.Int32>> question_metrics_domain.ExamMetrics::get_ReasonsMissedQuestions()
DA:34,156
DA:35,73
DA:36,37
BRDA:34,12,0,1
BRDA:34,12,1,65535
BRDA:34,48,0,1
BRDA:34,48,1,65535
BRDA:34,84,0,1
BRDA:34,84,1,65535
LF:21
LH:16
BRF:12
BRH:8
FNF:11
FNH:6
end_of_record
SF:C:\Users\Rafael\Documents\Pessoal\QuestionMetrics\Back\question-metrics-domain\Question.cs
FN:6,System.Void question_metrics_domain.Question::.ctor(System.Boolean,System.String)
FNDA:15,System.Void question_metrics_domain.Question::.ctor(System.Boolean,System.String)
DA:7,15
DA:8,15
DA:9,15
DA:10,15
DA:11,15
FN:11,System.Int32 question_metrics_domain.Question::get_Number()
FNDA:0,System.Int32 question_metrics_domain.Question::get_Number()
DA:12,0
FN:12,System.Boolean question_metrics_domain.Question::get_IsAnswerCorrect()
FNDA:0,System.Boolean question_metrics_domain.Question::get_IsAnswerCorrect()
DA:13,0
FN:13,System.Boolean question_metrics_domain.Question::get_IsAnswerWrong()
FNDA:0,System.Boolean question_metrics_domain.Question::get_IsAnswerWrong()
DA:14,0
FN:14,System.String question_metrics_domain.Question::get_WhyIsWrong()
FNDA:140,System.String question_metrics_domain.Question::get_WhyIsWrong()
DA:15,140
LF:9
LH:6
BRF:0
BRH:0
FNF:5
FNH:2
end_of_record
SF:C:\Users\Rafael\Documents\Pessoal\QuestionMetrics\Back\question-metrics-domain\Common\Result.cs
FN:6,System.Boolean question_metrics_domain.Common.Result::get_IsSuccess()
FNDA:0,System.Boolean question_metrics_domain.Common.Result::get_IsSuccess()
DA:7,0
FN:7,System.String question_metrics_domain.Common.Result::get_Error()
FNDA:0,System.String question_metrics_domain.Common.Result::get_Error()
DA:8,0
FN:8,System.Boolean question_metrics_domain.Common.Result::get_IsFailure()
FNDA:0,System.Boolean question_metrics_domain.Common.Result::get_IsFailure()
DA:9,0
FN:10,System.Void question_metrics_domain.Common.Result::.ctor(System.Boolean,System.String)
FNDA:0,System.Void question_metrics_domain.Common.Result::.ctor(System.Boolean,System.String)
DA:11,0
DA:12,0
DA:13,0
DA:14,0
DA:15,0
DA:16,0
DA:18,0
DA:19,0
DA:20,0
BRDA:13,9,0,0
BRDA:13,9,1,0
BRDA:13,27,0,0
BRDA:13,27,1,0
BRDA:15,36,0,0
BRDA:15,36,1,0
BRDA:15,54,0,0
BRDA:15,54,1,0
FN:22,question_metrics_domain.Common.Result question_metrics_domain.Common.Result::Fail(System.String)
FNDA:0,question_metrics_domain.Common.Result question_metrics_domain.Common.Result::Fail(System.String)
DA:23,0
DA:24,0
DA:25,0
FN:27,question_metrics_domain.Common.Result`1<T> question_metrics_domain.Common.Result::Fail(System.String)
FNDA:0,question_metrics_domain.Common.Result`1<T> question_metrics_domain.Common.Result::Fail(System.String)
DA:28,0
DA:29,0
DA:30,0
FN:32,question_metrics_domain.Common.Result question_metrics_domain.Common.Result::Ok()
FNDA:0,question_metrics_domain.Common.Result question_metrics_domain.Common.Result::Ok()
DA:33,0
DA:34,0
DA:35,0
FN:37,question_metrics_domain.Common.Result`1<T> question_metrics_domain.Common.Result::Ok(T)
FNDA:0,question_metrics_domain.Common.Result`1<T> question_metrics_domain.Common.Result::Ok(T)
DA:38,0
DA:39,0
DA:40,0
FN:42,question_metrics_domain.Common.Result question_metrics_domain.Common.Result::Combine(question_metrics_domain.Common.Result[])
FNDA:0,question_metrics_domain.Common.Result question_metrics_domain.Common.Result::Combine(question_metrics_domain.Common.Result[])
DA:43,0
DA:44,0
DA:45,0
DA:46,0
DA:47,0
DA:48,0
DA:50,0
DA:51,0
BRDA:44,37,1,0
BRDA:44,37,0,0
BRDA:46,21,0,0
BRDA:46,21,1,0
FN:61,T question_metrics_domain.Common.Result`1::get_Value()
FNDA:0,T question_metrics_domain.Common.Result`1::get_Value()
DA:62,0
DA:63,0
DA:64,0
DA:66,0
DA:67,0
BRDA:63,12,0,0
BRDA:63,12,1,0
FN:70,System.Void question_metrics_domain.Common.Result`1::.ctor(T,System.Boolean,System.String)
FNDA:0,System.Void question_metrics_domain.Common.Result`1::.ctor(T,System.Boolean,System.String)
DA:71,0
DA:72,0
DA:73,0
DA:74,0
LF:41
LH:0
BRF:14
BRH:0
FNF:11
FNH:0
end_of_record